<?xml version="1.0" encoding="UTF-8"?>
<Site BuildName="Win32-make"
	BuildStamp="20230917-2115-Experimental"
	Name="LAPTOP-9QB4593O"
	Generator="ctest-3.24.1"
	CompilerName="C:/cygwin64/bin/g++.exe"
	CompilerVersion="11.3.0"
	OSName="Windows"
	Hostname="LAPTOP-9QB4593O"
	OSRelease=" Personal"
	OSVersion=" (Build 19045)"
	OSPlatform="AMD64"
	Is64Bits="1"
	VendorString="GenuineIntel"
	VendorID="Intel Corporation"
	FamilyID="6"
	ModelID="14"
	ProcessorCacheSize="-1"
	NumberOfLogicalCPU="4"
	NumberOfPhysicalCPU="2"
	TotalVirtualMemory="30631"
	TotalPhysicalMemory="8103"
	LogicalProcessorsPerPhysical="2"
	ProcessorClockFrequency="2903"
	>
	<Testing>
		<StartDateTime>Sep 17 18:43 Eastern Daylight Time</StartDateTime>
		<StartTestTime>1694990580</StartTestTime>
		<TestList/>
		<EndDateTime>Sep 17 18:43 Eastern Daylight Time</EndDateTime>
		<EndTestTime>1694990580</EndTestTime>
		<ElapsedMinutes>0</ElapsedMinutes>
	</Testing>
</Site>
